<?xml version="1.0" encoding="UTF-8"?>
<!-- Generated by org.testng.reporters.JUnitXMLReporter -->
<testsuite ignored="0" hostname="DESKTOP-KMFIGF3" failures="0" tests="1" name="Default test" time="53.814" errors="0" timestamp="2024-03-07T15:51:43 IST">
  <testcase classname="com.satfnRegBot.automationScripts.SecurityInterestRegistration" name="securityInterestRegistration on com.satfnRegBot.automationScripts.SecurityInterestRegistration[frame0,100,100,450x300,invalid,hidden,layout=java.awt.BorderLayout,title=Automation InvBot,resizable,normal,defaultCloseOperation=EXIT_ON_CLOSE,rootPane=javax.swing.JRootPane[,0,0,0x0,invalid,layout=javax.swing.JRootPane$RootLayout,alignmentX=0.0,alignmentY=0.0,border=,flags=16777673,maximumSize=,minimumSize=,preferredSize=],rootPaneCheckingEnabled=true]" time="8.68"/>
</testsuite> <!-- Default test -->
