<?xml version="1.0" encoding="UTF-8"?>
<!-- Generated by org.testng.reporters.JUnitXMLReporter -->
<testsuite ignored="0" hostname="DESKTOP-KMFIGF3" failures="0" tests="1" name="Test" time="1546.629" errors="0" timestamp="2024-02-28T11:23:47 IST">
  <testcase classname="com.satfnRegBot.automationScripts.SatisfactionRegisteration" name="satisfactionRegister on com.satfnRegBot.automationScripts.SatisfactionRegisteration[frame0,100,100,450x300,invalid,hidden,layout=java.awt.BorderLayout,title=,resizable,normal,defaultCloseOperation=EXIT_ON_CLOSE,rootPane=javax.swing.JRootPane[,0,0,0x0,invalid,layout=javax.swing.JRootPane$RootLayout,alignmentX=0.0,alignmentY=0.0,border=,flags=16777673,maximumSize=,minimumSize=,preferredSize=],rootPaneCheckingEnabled=true]" time="1503.628"/>
</testsuite> <!-- Test -->
