<?xml version="1.0" encoding="UTF-8"?>
<testng-results ignored="0" total="1" passed="1" failed="0" skipped="0">
  <reporter-output>
  </reporter-output>
  <suite started-at="2024-02-22T12:22:32 IST" name="Suite" finished-at="2024-02-22T13:43:40 IST" duration-ms="4868476">
    <groups>
    </groups>
    <test started-at="2024-02-22T12:22:32 IST" name="Test" finished-at="2024-02-22T13:43:40 IST" duration-ms="4868476">
      <class name="com.satfnRegBot.automationScripts.SatisfactionRegisteration">
        <test-method is-config="true" signature="setPropertiesAndLogger()[pri:0, instance:com.satfnRegBot.automationScripts.SatisfactionRegisteration@6adbc9d]" started-at="2024-02-22T12:22:30 IST" name="setPropertiesAndLogger" finished-at="2024-02-22T12:22:32 IST" duration-ms="1894" status="PASS">
          <reporter-output>
          </reporter-output>
        </test-method> <!-- setPropertiesAndLogger -->
        <test-method is-config="true" signature="launchBrowser()[pri:0, instance:com.satfnRegBot.automationScripts.SatisfactionRegisteration@6adbc9d]" started-at="2024-02-22T12:22:32 IST" name="launchBrowser" finished-at="2024-02-22T12:22:42 IST" duration-ms="9441" status="PASS">
          <reporter-output>
          </reporter-output>
        </test-method> <!-- launchBrowser -->
        <test-method is-config="true" signature="loginAsUser()[pri:0, instance:com.satfnRegBot.automationScripts.SatisfactionRegisteration@6adbc9d]" started-at="2024-02-22T12:22:42 IST" name="loginAsUser" finished-at="2024-02-22T12:23:05 IST" duration-ms="23478" status="PASS">
          <reporter-output>
          </reporter-output>
        </test-method> <!-- loginAsUser -->
        <test-method is-config="true" signature="satisfactionPage()[pri:0, instance:com.satfnRegBot.automationScripts.SatisfactionRegisteration@6adbc9d]" started-at="2024-02-22T12:23:05 IST" name="satisfactionPage" finished-at="2024-02-22T12:23:11 IST" duration-ms="6277" status="PASS">
          <reporter-output>
          </reporter-output>
        </test-method> <!-- satisfactionPage -->
        <test-method signature="satisfactionRegister()[pri:0, instance:com.satfnRegBot.automationScripts.SatisfactionRegisteration@6adbc9d]" started-at="2024-02-22T12:23:11 IST" name="satisfactionRegister" finished-at="2024-02-22T13:43:40 IST" duration-ms="4828162" status="PASS">
          <reporter-output>
          </reporter-output>
        </test-method> <!-- satisfactionRegister -->
        <test-method is-config="true" signature="tearDown()[pri:0, instance:com.satfnRegBot.automationScripts.SatisfactionRegisteration@6adbc9d]" started-at="2024-02-22T13:43:40 IST" name="tearDown" finished-at="2024-02-22T13:43:40 IST" duration-ms="505" status="PASS">
          <reporter-output>
          </reporter-output>
        </test-method> <!-- tearDown -->
      </class> <!-- com.satfnRegBot.automationScripts.SatisfactionRegisteration -->
    </test> <!-- Test -->
  </suite> <!-- Suite -->
</testng-results>
