<?xml version="1.0" encoding="UTF-8"?>
<testng-results ignored="0" total="1" passed="1" failed="0" skipped="0">
  <reporter-output>
  </reporter-output>
  <suite started-at="2024-02-28T10:57:59 IST" name="Suite" finished-at="2024-02-28T11:23:46 IST" duration-ms="1546629">
    <groups>
    </groups>
    <test started-at="2024-02-28T10:57:59 IST" name="Test" finished-at="2024-02-28T11:23:46 IST" duration-ms="1546629">
      <class name="com.satfnRegBot.automationScripts.SatisfactionRegisteration">
        <test-method is-config="true" signature="setPropertiesAndLogger()[pri:0, instance:com.satfnRegBot.automationScripts.SatisfactionRegisteration[frame0,100,100,450x300,invalid,hidden,layout=java.awt.BorderLayout,title=,resizable,normal,defaultCloseOperation=EXIT_ON_CLOSE,rootPane=javax.swing.JRootPane[,0,0,0x0,invalid,layout=javax.swing.JRootPane$RootLayout,alignmentX=0.0,alignmentY=0.0,border=,flags=16777673,maximumSize=,minimumSize=,preferredSize=],rootPaneCheckingEnabled=true]]" started-at="2024-02-28T10:57:57 IST" name="setPropertiesAndLogger" finished-at="2024-02-28T10:57:59 IST" duration-ms="2011" status="PASS">
          <reporter-output>
          </reporter-output>
        </test-method> <!-- setPropertiesAndLogger -->
        <test-method is-config="true" signature="launchBrowser()[pri:0, instance:com.satfnRegBot.automationScripts.SatisfactionRegisteration[frame0,100,100,450x300,invalid,hidden,layout=java.awt.BorderLayout,title=,resizable,normal,defaultCloseOperation=EXIT_ON_CLOSE,rootPane=javax.swing.JRootPane[,0,0,0x0,invalid,layout=javax.swing.JRootPane$RootLayout,alignmentX=0.0,alignmentY=0.0,border=,flags=16777673,maximumSize=,minimumSize=,preferredSize=],rootPaneCheckingEnabled=true]]" started-at="2024-02-28T10:58:00 IST" name="launchBrowser" finished-at="2024-02-28T10:58:11 IST" duration-ms="10574" status="PASS">
          <reporter-output>
          </reporter-output>
        </test-method> <!-- launchBrowser -->
        <test-method is-config="true" signature="loginAsUser()[pri:0, instance:com.satfnRegBot.automationScripts.SatisfactionRegisteration[frame0,100,100,450x300,invalid,hidden,layout=java.awt.BorderLayout,title=,resizable,normal,defaultCloseOperation=EXIT_ON_CLOSE,rootPane=javax.swing.JRootPane[,0,0,0x0,invalid,layout=javax.swing.JRootPane$RootLayout,alignmentX=0.0,alignmentY=0.0,border=,flags=16777673,maximumSize=,minimumSize=,preferredSize=],rootPaneCheckingEnabled=true]]" started-at="2024-02-28T10:58:11 IST" name="loginAsUser" finished-at="2024-02-28T10:58:35 IST" duration-ms="24523" status="PASS">
          <reporter-output>
          </reporter-output>
        </test-method> <!-- loginAsUser -->
        <test-method is-config="true" signature="satisfactionPage()[pri:0, instance:com.satfnRegBot.automationScripts.SatisfactionRegisteration[frame0,100,100,450x300,invalid,hidden,layout=java.awt.BorderLayout,title=,resizable,normal,defaultCloseOperation=EXIT_ON_CLOSE,rootPane=javax.swing.JRootPane[,0,0,0x0,invalid,layout=javax.swing.JRootPane$RootLayout,alignmentX=0.0,alignmentY=0.0,border=,flags=16777673,maximumSize=,minimumSize=,preferredSize=],rootPaneCheckingEnabled=true]]" started-at="2024-02-28T10:58:35 IST" name="satisfactionPage" finished-at="2024-02-28T10:58:42 IST" duration-ms="6463" status="PASS">
          <reporter-output>
          </reporter-output>
        </test-method> <!-- satisfactionPage -->
        <test-method signature="satisfactionRegister()[pri:0, instance:com.satfnRegBot.automationScripts.SatisfactionRegisteration[frame0,100,100,450x300,invalid,hidden,layout=java.awt.BorderLayout,title=,resizable,normal,defaultCloseOperation=EXIT_ON_CLOSE,rootPane=javax.swing.JRootPane[,0,0,0x0,invalid,layout=javax.swing.JRootPane$RootLayout,alignmentX=0.0,alignmentY=0.0,border=,flags=16777673,maximumSize=,minimumSize=,preferredSize=],rootPaneCheckingEnabled=true]]" started-at="2024-02-28T10:58:42 IST" name="satisfactionRegister" finished-at="2024-02-28T11:23:45 IST" duration-ms="1503628" status="PASS">
          <reporter-output>
          </reporter-output>
        </test-method> <!-- satisfactionRegister -->
        <test-method is-config="true" signature="tearDown()[pri:0, instance:com.satfnRegBot.automationScripts.SatisfactionRegisteration[frame0,100,100,450x300,invalid,hidden,layout=java.awt.BorderLayout,title=,resizable,normal,defaultCloseOperation=EXIT_ON_CLOSE,rootPane=javax.swing.JRootPane[,0,0,0x0,invalid,layout=javax.swing.JRootPane$RootLayout,alignmentX=0.0,alignmentY=0.0,border=,flags=16777673,maximumSize=,minimumSize=,preferredSize=],rootPaneCheckingEnabled=true]]" started-at="2024-02-28T11:23:45 IST" name="tearDown" finished-at="2024-02-28T11:23:46 IST" duration-ms="665" status="PASS">
          <reporter-output>
          </reporter-output>
        </test-method> <!-- tearDown -->
      </class> <!-- com.satfnRegBot.automationScripts.SatisfactionRegisteration -->
    </test> <!-- Test -->
  </suite> <!-- Suite -->
</testng-results>
