<?xml version="1.0" encoding="UTF-8"?>
<testng-results ignored="0" total="1" passed="1" failed="0" skipped="0">
  <reporter-output>
    <line>
      <![CDATA[Login button clicked]]>
    </line>
    <line>
      <![CDATA[400061321263 is satisfied with the Transaction ID 200319647889]]>
    </line>
    <line>
      <![CDATA[400061321267 is satisfied with the Transaction ID 200319647937]]>
    </line>
    <line>
      <![CDATA[400061321283 is satisfied with the Transaction ID 200319647993]]>
    </line>
  </reporter-output>
  <suite started-at="2024-09-04T17:17:52 IST" name="Command line suite" finished-at="2024-09-04T17:19:24 IST" duration-ms="92106">
    <groups>
    </groups>
    <test started-at="2024-09-04T17:17:52 IST" name="Command line test" finished-at="2024-09-04T17:19:24 IST" duration-ms="92106">
      <class name="com.satfnRegBot.automationScripts.SatisfactionRegisteration">
        <test-method is-config="true" signature="setPropertiesAndLogger()[pri:0, instance:com.satfnRegBot.automationScripts.SatisfactionRegisteration[frame0,100,100,450x350,invalid,hidden,layout=java.awt.BorderLayout,title=Automation InvBot,resizable,normal,defaultCloseOperation=EXIT_ON_CLOSE,rootPane=javax.swing.JRootPane[,0,0,0x0,invalid,layout=javax.swing.JRootPane$RootLayout,alignmentX=0.0,alignmentY=0.0,border=,flags=16777673,maximumSize=,minimumSize=,preferredSize=],rootPaneCheckingEnabled=true]]" started-at="2024-09-04T17:17:51 IST" name="setPropertiesAndLogger" finished-at="2024-09-04T17:17:52 IST" duration-ms="1112" status="PASS">
          <reporter-output>
          </reporter-output>
        </test-method> <!-- setPropertiesAndLogger -->
        <test-method is-config="true" signature="launchBrowser()[pri:0, instance:com.satfnRegBot.automationScripts.SatisfactionRegisteration[frame0,100,100,450x350,invalid,hidden,layout=java.awt.BorderLayout,title=Automation InvBot,resizable,normal,defaultCloseOperation=EXIT_ON_CLOSE,rootPane=javax.swing.JRootPane[,0,0,0x0,invalid,layout=javax.swing.JRootPane$RootLayout,alignmentX=0.0,alignmentY=0.0,border=,flags=16777673,maximumSize=,minimumSize=,preferredSize=],rootPaneCheckingEnabled=true]]" started-at="2024-09-04T17:17:52 IST" name="launchBrowser" finished-at="2024-09-04T17:18:02 IST" duration-ms="10531" status="PASS">
          <reporter-output>
          </reporter-output>
        </test-method> <!-- launchBrowser -->
        <test-method is-config="true" signature="loginAsUser()[pri:0, instance:com.satfnRegBot.automationScripts.SatisfactionRegisteration[frame0,100,100,450x350,invalid,hidden,layout=java.awt.BorderLayout,title=Automation InvBot,resizable,normal,defaultCloseOperation=EXIT_ON_CLOSE,rootPane=javax.swing.JRootPane[,0,0,0x0,invalid,layout=javax.swing.JRootPane$RootLayout,alignmentX=0.0,alignmentY=0.0,border=,flags=16777673,maximumSize=,minimumSize=,preferredSize=],rootPaneCheckingEnabled=true]]" started-at="2024-09-04T17:18:02 IST" name="loginAsUser" finished-at="2024-09-04T17:18:27 IST" duration-ms="24579" status="PASS">
          <reporter-output>
            <line>
              <![CDATA[Login button clicked]]>
            </line>
          </reporter-output>
        </test-method> <!-- loginAsUser -->
        <test-method is-config="true" signature="invokeDigitalSignature()[pri:0, instance:com.satfnRegBot.automationScripts.SatisfactionRegisteration[frame0,100,100,450x350,invalid,hidden,layout=java.awt.BorderLayout,title=Automation InvBot,resizable,normal,defaultCloseOperation=EXIT_ON_CLOSE,rootPane=javax.swing.JRootPane[,0,0,0x0,invalid,layout=javax.swing.JRootPane$RootLayout,alignmentX=0.0,alignmentY=0.0,border=,flags=16777673,maximumSize=,minimumSize=,preferredSize=],rootPaneCheckingEnabled=true]]" started-at="2024-09-04T17:18:27 IST" name="invokeDigitalSignature" finished-at="2024-09-04T17:18:37 IST" duration-ms="9977" status="PASS">
          <reporter-output>
          </reporter-output>
        </test-method> <!-- invokeDigitalSignature -->
        <test-method signature="satisfactionRegister()[pri:0, instance:com.satfnRegBot.automationScripts.SatisfactionRegisteration[frame0,100,100,450x350,invalid,hidden,layout=java.awt.BorderLayout,title=Automation InvBot,resizable,normal,defaultCloseOperation=EXIT_ON_CLOSE,rootPane=javax.swing.JRootPane[,0,0,0x0,invalid,layout=javax.swing.JRootPane$RootLayout,alignmentX=0.0,alignmentY=0.0,border=,flags=16777673,maximumSize=,minimumSize=,preferredSize=],rootPaneCheckingEnabled=true]]" started-at="2024-09-04T17:18:37 IST" name="satisfactionRegister" finished-at="2024-09-04T17:19:21 IST" duration-ms="43996" status="PASS">
          <reporter-output>
            <line>
              <![CDATA[400061321263 is satisfied with the Transaction ID 200319647889]]>
            </line>
            <line>
              <![CDATA[400061321267 is satisfied with the Transaction ID 200319647937]]>
            </line>
            <line>
              <![CDATA[400061321283 is satisfied with the Transaction ID 200319647993]]>
            </line>
          </reporter-output>
        </test-method> <!-- satisfactionRegister -->
        <test-method is-config="true" signature="userLogOut()[pri:0, instance:com.satfnRegBot.automationScripts.SatisfactionRegisteration[frame0,100,100,450x350,invalid,hidden,layout=java.awt.BorderLayout,title=Automation InvBot,resizable,normal,defaultCloseOperation=EXIT_ON_CLOSE,rootPane=javax.swing.JRootPane[,0,0,0x0,invalid,layout=javax.swing.JRootPane$RootLayout,alignmentX=0.0,alignmentY=0.0,border=,flags=16777673,maximumSize=,minimumSize=,preferredSize=],rootPaneCheckingEnabled=true]]" started-at="2024-09-04T17:19:21 IST" name="userLogOut" finished-at="2024-09-04T17:19:21 IST" duration-ms="319" status="PASS">
          <reporter-output>
          </reporter-output>
        </test-method> <!-- userLogOut -->
        <test-method is-config="true" signature="tearDown()[pri:0, instance:com.satfnRegBot.automationScripts.SatisfactionRegisteration[frame0,100,100,450x350,invalid,hidden,layout=java.awt.BorderLayout,title=Automation InvBot,resizable,normal,defaultCloseOperation=EXIT_ON_CLOSE,rootPane=javax.swing.JRootPane[,0,0,0x0,invalid,layout=javax.swing.JRootPane$RootLayout,alignmentX=0.0,alignmentY=0.0,border=,flags=16777673,maximumSize=,minimumSize=,preferredSize=],rootPaneCheckingEnabled=true]]" started-at="2024-09-04T17:19:21 IST" name="tearDown" finished-at="2024-09-04T17:19:24 IST" duration-ms="2627" status="PASS">
          <reporter-output>
          </reporter-output>
        </test-method> <!-- tearDown -->
      </class> <!-- com.satfnRegBot.automationScripts.SatisfactionRegisteration -->
    </test> <!-- Command line test -->
  </suite> <!-- Command line suite -->
</testng-results>
