<?xml version="1.0" encoding="UTF-8"?>
<testng-results ignored="0" total="1" passed="1" failed="0" skipped="0">
  <reporter-output>
    <line>
      <![CDATA[Login button clicked]]>
    </line>
  </reporter-output>
  <suite started-at="2024-03-07T15:50:49 IST" name="Default suite" finished-at="2024-03-07T15:51:43 IST" duration-ms="53814">
    <groups>
    </groups>
    <test started-at="2024-03-07T15:50:49 IST" name="Default test" finished-at="2024-03-07T15:51:43 IST" duration-ms="53814">
      <class name="com.satfnRegBot.automationScripts.SecurityInterestRegistration">
        <test-method is-config="true" signature="setPropertiesAndLogger()[pri:0, instance:com.satfnRegBot.automationScripts.SecurityInterestRegistration[frame0,100,100,450x300,invalid,hidden,layout=java.awt.BorderLayout,title=Automation InvBot,resizable,normal,defaultCloseOperation=EXIT_ON_CLOSE,rootPane=javax.swing.JRootPane[,0,0,0x0,invalid,layout=javax.swing.JRootPane$RootLayout,alignmentX=0.0,alignmentY=0.0,border=,flags=16777673,maximumSize=,minimumSize=,preferredSize=],rootPaneCheckingEnabled=true]]" started-at="2024-03-07T15:50:47 IST" name="setPropertiesAndLogger" finished-at="2024-03-07T15:50:49 IST" duration-ms="2132" status="PASS">
          <reporter-output>
          </reporter-output>
        </test-method> <!-- setPropertiesAndLogger -->
        <test-method is-config="true" signature="launchBrowser()[pri:0, instance:com.satfnRegBot.automationScripts.SecurityInterestRegistration[frame0,100,100,450x300,invalid,hidden,layout=java.awt.BorderLayout,title=Automation InvBot,resizable,normal,defaultCloseOperation=EXIT_ON_CLOSE,rootPane=javax.swing.JRootPane[,0,0,0x0,invalid,layout=javax.swing.JRootPane$RootLayout,alignmentX=0.0,alignmentY=0.0,border=,flags=16777673,maximumSize=,minimumSize=,preferredSize=],rootPaneCheckingEnabled=true]]" started-at="2024-03-07T15:50:49 IST" name="launchBrowser" finished-at="2024-03-07T15:50:58 IST" duration-ms="8510" status="PASS">
          <reporter-output>
          </reporter-output>
        </test-method> <!-- launchBrowser -->
        <test-method is-config="true" signature="loginAsUser()[pri:0, instance:com.satfnRegBot.automationScripts.SecurityInterestRegistration[frame0,100,100,450x300,invalid,hidden,layout=java.awt.BorderLayout,title=Automation InvBot,resizable,normal,defaultCloseOperation=EXIT_ON_CLOSE,rootPane=javax.swing.JRootPane[,0,0,0x0,invalid,layout=javax.swing.JRootPane$RootLayout,alignmentX=0.0,alignmentY=0.0,border=,flags=16777673,maximumSize=,minimumSize=,preferredSize=],rootPaneCheckingEnabled=true]]" started-at="2024-03-07T15:50:58 IST" name="loginAsUser" finished-at="2024-03-07T15:51:21 IST" duration-ms="23105" status="PASS">
          <reporter-output>
            <line>
              <![CDATA[Login button clicked]]>
            </line>
          </reporter-output>
        </test-method> <!-- loginAsUser -->
        <test-method is-config="true" signature="satisfactionPage()[pri:0, instance:com.satfnRegBot.automationScripts.SecurityInterestRegistration[frame0,100,100,450x300,invalid,hidden,layout=java.awt.BorderLayout,title=Automation InvBot,resizable,normal,defaultCloseOperation=EXIT_ON_CLOSE,rootPane=javax.swing.JRootPane[,0,0,0x0,invalid,layout=javax.swing.JRootPane$RootLayout,alignmentX=0.0,alignmentY=0.0,border=,flags=16777673,maximumSize=,minimumSize=,preferredSize=],rootPaneCheckingEnabled=true]]" started-at="2024-03-07T15:51:21 IST" name="satisfactionPage" finished-at="2024-03-07T15:51:34 IST" duration-ms="13004" status="PASS">
          <reporter-output>
          </reporter-output>
        </test-method> <!-- satisfactionPage -->
        <test-method signature="securityInterestRegistration()[pri:0, instance:com.satfnRegBot.automationScripts.SecurityInterestRegistration[frame0,100,100,450x300,invalid,hidden,layout=java.awt.BorderLayout,title=Automation InvBot,resizable,normal,defaultCloseOperation=EXIT_ON_CLOSE,rootPane=javax.swing.JRootPane[,0,0,0x0,invalid,layout=javax.swing.JRootPane$RootLayout,alignmentX=0.0,alignmentY=0.0,border=,flags=16777673,maximumSize=,minimumSize=,preferredSize=],rootPaneCheckingEnabled=true]]" started-at="2024-03-07T15:51:34 IST" name="securityInterestRegistration" finished-at="2024-03-07T15:51:42 IST" duration-ms="8680" status="PASS">
          <reporter-output>
          </reporter-output>
        </test-method> <!-- securityInterestRegistration -->
        <test-method is-config="true" signature="tearDown()[pri:0, instance:com.satfnRegBot.automationScripts.SecurityInterestRegistration[frame0,100,100,450x300,invalid,hidden,layout=java.awt.BorderLayout,title=Automation InvBot,resizable,normal,defaultCloseOperation=EXIT_ON_CLOSE,rootPane=javax.swing.JRootPane[,0,0,0x0,invalid,layout=javax.swing.JRootPane$RootLayout,alignmentX=0.0,alignmentY=0.0,border=,flags=16777673,maximumSize=,minimumSize=,preferredSize=],rootPaneCheckingEnabled=true]]" started-at="2024-03-07T15:51:42 IST" name="tearDown" finished-at="2024-03-07T15:51:43 IST" duration-ms="453" status="PASS">
          <reporter-output>
          </reporter-output>
        </test-method> <!-- tearDown -->
      </class> <!-- com.satfnRegBot.automationScripts.SecurityInterestRegistration -->
    </test> <!-- Default test -->
  </suite> <!-- Default suite -->
</testng-results>
